Determining if the pthread_create exist failed with the following output:
Change Dir: /home/jrr/catkin_ws/build/keyboard/CMakeFiles/CMakeTmp

Run Build Command:"/usr/bin/make" "cmTC_65c9a/fast"
/usr/bin/make -f CMakeFiles/cmTC_65c9a.dir/build.make CMakeFiles/cmTC_65c9a.dir/build
make[1]: se entra en el directorio '/home/jrr/catkin_ws/build/keyboard/CMakeFiles/CMakeTmp'
Building C object CMakeFiles/cmTC_65c9a.dir/CheckSymbolExists.c.o
/usr/bin/cc     -o CMakeFiles/cmTC_65c9a.dir/CheckSymbolExists.c.o   -c /home/jrr/catkin_ws/build/keyboard/CMakeFiles/CMakeTmp/CheckSymbolExists.c
Linking C executable cmTC_65c9a
/usr/bin/cmake -E cmake_link_script CMakeFiles/cmTC_65c9a.dir/link.txt --verbose=1
/usr/bin/cc       CMakeFiles/cmTC_65c9a.dir/CheckSymbolExists.c.o  -o cmTC_65c9a -rdynamic 
CMakeFiles/cmTC_65c9a.dir/CheckSymbolExists.c.o: En la función `main':
CheckSymbolExists.c:(.text+0x16): referencia a `pthread_create' sin definir
collect2: error: ld returned 1 exit status
CMakeFiles/cmTC_65c9a.dir/build.make:97: fallo en las instrucciones para el objetivo 'cmTC_65c9a'
make[1]: *** [cmTC_65c9a] Error 1
make[1]: se sale del directorio '/home/jrr/catkin_ws/build/keyboard/CMakeFiles/CMakeTmp'
Makefile:126: fallo en las instrucciones para el objetivo 'cmTC_65c9a/fast'
make: *** [cmTC_65c9a/fast] Error 2

File /home/jrr/catkin_ws/build/keyboard/CMakeFiles/CMakeTmp/CheckSymbolExists.c:
/* */
#include <pthread.h>

int main(int argc, char** argv)
{
  (void)argv;
#ifndef pthread_create
  return ((int*)(&pthread_create))[argc];
#else
  (void)argc;
  return 0;
#endif
}

Determining if the function pthread_create exists in the pthreads failed with the following output:
Change Dir: /home/jrr/catkin_ws/build/keyboard/CMakeFiles/CMakeTmp

Run Build Command:"/usr/bin/make" "cmTC_614fe/fast"
/usr/bin/make -f CMakeFiles/cmTC_614fe.dir/build.make CMakeFiles/cmTC_614fe.dir/build
make[1]: se entra en el directorio '/home/jrr/catkin_ws/build/keyboard/CMakeFiles/CMakeTmp'
Building C object CMakeFiles/cmTC_614fe.dir/CheckFunctionExists.c.o
/usr/bin/cc    -DCHECK_FUNCTION_EXISTS=pthread_create   -o CMakeFiles/cmTC_614fe.dir/CheckFunctionExists.c.o   -c /usr/share/cmake-3.5/Modules/CheckFunctionExists.c
Linking C executable cmTC_614fe
/usr/bin/cmake -E cmake_link_script CMakeFiles/cmTC_614fe.dir/link.txt --verbose=1
/usr/bin/cc   -DCHECK_FUNCTION_EXISTS=pthread_create    CMakeFiles/cmTC_614fe.dir/CheckFunctionExists.c.o  -o cmTC_614fe -rdynamic -lpthreads 
/usr/bin/ld: no se puede encontrar -lpthreads
collect2: error: ld returned 1 exit status
CMakeFiles/cmTC_614fe.dir/build.make:97: fallo en las instrucciones para el objetivo 'cmTC_614fe'
make[1]: *** [cmTC_614fe] Error 1
make[1]: se sale del directorio '/home/jrr/catkin_ws/build/keyboard/CMakeFiles/CMakeTmp'
Makefile:126: fallo en las instrucciones para el objetivo 'cmTC_614fe/fast'
make: *** [cmTC_614fe/fast] Error 2


