Determining if the pthread_create exist failed with the following output:
Change Dir: /home/jrr/catkin_ws/build/catkin_tools_prebuild/CMakeFiles/CMakeTmp

Run Build Command:"/usr/bin/make" "cmTC_88b1d/fast"
/usr/bin/make -f CMakeFiles/cmTC_88b1d.dir/build.make CMakeFiles/cmTC_88b1d.dir/build
make[1]: se entra en el directorio '/home/jrr/catkin_ws/build/catkin_tools_prebuild/CMakeFiles/CMakeTmp'
Building C object CMakeFiles/cmTC_88b1d.dir/CheckSymbolExists.c.o
/usr/bin/cc     -o CMakeFiles/cmTC_88b1d.dir/CheckSymbolExists.c.o   -c /home/jrr/catkin_ws/build/catkin_tools_prebuild/CMakeFiles/CMakeTmp/CheckSymbolExists.c
Linking C executable cmTC_88b1d
/usr/bin/cmake -E cmake_link_script CMakeFiles/cmTC_88b1d.dir/link.txt --verbose=1
/usr/bin/cc       CMakeFiles/cmTC_88b1d.dir/CheckSymbolExists.c.o  -o cmTC_88b1d -rdynamic 
CMakeFiles/cmTC_88b1d.dir/CheckSymbolExists.c.o: En la función `main':
CheckSymbolExists.c:(.text+0x16): referencia a `pthread_create' sin definir
collect2: error: ld returned 1 exit status
CMakeFiles/cmTC_88b1d.dir/build.make:97: fallo en las instrucciones para el objetivo 'cmTC_88b1d'
make[1]: *** [cmTC_88b1d] Error 1
make[1]: se sale del directorio '/home/jrr/catkin_ws/build/catkin_tools_prebuild/CMakeFiles/CMakeTmp'
Makefile:126: fallo en las instrucciones para el objetivo 'cmTC_88b1d/fast'
make: *** [cmTC_88b1d/fast] Error 2

File /home/jrr/catkin_ws/build/catkin_tools_prebuild/CMakeFiles/CMakeTmp/CheckSymbolExists.c:
/* */
#include <pthread.h>

int main(int argc, char** argv)
{
  (void)argv;
#ifndef pthread_create
  return ((int*)(&pthread_create))[argc];
#else
  (void)argc;
  return 0;
#endif
}

Determining if the function pthread_create exists in the pthreads failed with the following output:
Change Dir: /home/jrr/catkin_ws/build/catkin_tools_prebuild/CMakeFiles/CMakeTmp

Run Build Command:"/usr/bin/make" "cmTC_de45c/fast"
/usr/bin/make -f CMakeFiles/cmTC_de45c.dir/build.make CMakeFiles/cmTC_de45c.dir/build
make[1]: se entra en el directorio '/home/jrr/catkin_ws/build/catkin_tools_prebuild/CMakeFiles/CMakeTmp'
Building C object CMakeFiles/cmTC_de45c.dir/CheckFunctionExists.c.o
/usr/bin/cc    -DCHECK_FUNCTION_EXISTS=pthread_create   -o CMakeFiles/cmTC_de45c.dir/CheckFunctionExists.c.o   -c /usr/share/cmake-3.5/Modules/CheckFunctionExists.c
Linking C executable cmTC_de45c
/usr/bin/cmake -E cmake_link_script CMakeFiles/cmTC_de45c.dir/link.txt --verbose=1
/usr/bin/cc   -DCHECK_FUNCTION_EXISTS=pthread_create    CMakeFiles/cmTC_de45c.dir/CheckFunctionExists.c.o  -o cmTC_de45c -rdynamic -lpthreads 
/usr/bin/ld: no se puede encontrar -lpthreads
collect2: error: ld returned 1 exit status
CMakeFiles/cmTC_de45c.dir/build.make:97: fallo en las instrucciones para el objetivo 'cmTC_de45c'
make[1]: *** [cmTC_de45c] Error 1
make[1]: se sale del directorio '/home/jrr/catkin_ws/build/catkin_tools_prebuild/CMakeFiles/CMakeTmp'
Makefile:126: fallo en las instrucciones para el objetivo 'cmTC_de45c/fast'
make: *** [cmTC_de45c/fast] Error 2


