Determining if the pthread_create exist failed with the following output:
Change Dir: /home/jrr/catkin_ws/build/ros_intro/CMakeFiles/CMakeTmp

Run Build Command:"/usr/bin/make" "cmTC_95ee6/fast"
/usr/bin/make -f CMakeFiles/cmTC_95ee6.dir/build.make CMakeFiles/cmTC_95ee6.dir/build
make[1]: se entra en el directorio '/home/jrr/catkin_ws/build/ros_intro/CMakeFiles/CMakeTmp'
Building C object CMakeFiles/cmTC_95ee6.dir/CheckSymbolExists.c.o
/usr/bin/cc     -o CMakeFiles/cmTC_95ee6.dir/CheckSymbolExists.c.o   -c /home/jrr/catkin_ws/build/ros_intro/CMakeFiles/CMakeTmp/CheckSymbolExists.c
Linking C executable cmTC_95ee6
/usr/bin/cmake -E cmake_link_script CMakeFiles/cmTC_95ee6.dir/link.txt --verbose=1
/usr/bin/cc       CMakeFiles/cmTC_95ee6.dir/CheckSymbolExists.c.o  -o cmTC_95ee6 -rdynamic 
CMakeFiles/cmTC_95ee6.dir/CheckSymbolExists.c.o: En la función `main':
CheckSymbolExists.c:(.text+0x16): referencia a `pthread_create' sin definir
collect2: error: ld returned 1 exit status
CMakeFiles/cmTC_95ee6.dir/build.make:97: fallo en las instrucciones para el objetivo 'cmTC_95ee6'
make[1]: *** [cmTC_95ee6] Error 1
make[1]: se sale del directorio '/home/jrr/catkin_ws/build/ros_intro/CMakeFiles/CMakeTmp'
Makefile:126: fallo en las instrucciones para el objetivo 'cmTC_95ee6/fast'
make: *** [cmTC_95ee6/fast] Error 2

File /home/jrr/catkin_ws/build/ros_intro/CMakeFiles/CMakeTmp/CheckSymbolExists.c:
/* */
#include <pthread.h>

int main(int argc, char** argv)
{
  (void)argv;
#ifndef pthread_create
  return ((int*)(&pthread_create))[argc];
#else
  (void)argc;
  return 0;
#endif
}

Determining if the function pthread_create exists in the pthreads failed with the following output:
Change Dir: /home/jrr/catkin_ws/build/ros_intro/CMakeFiles/CMakeTmp

Run Build Command:"/usr/bin/make" "cmTC_ec8a7/fast"
/usr/bin/make -f CMakeFiles/cmTC_ec8a7.dir/build.make CMakeFiles/cmTC_ec8a7.dir/build
make[1]: se entra en el directorio '/home/jrr/catkin_ws/build/ros_intro/CMakeFiles/CMakeTmp'
Building C object CMakeFiles/cmTC_ec8a7.dir/CheckFunctionExists.c.o
/usr/bin/cc    -DCHECK_FUNCTION_EXISTS=pthread_create   -o CMakeFiles/cmTC_ec8a7.dir/CheckFunctionExists.c.o   -c /usr/share/cmake-3.5/Modules/CheckFunctionExists.c
Linking C executable cmTC_ec8a7
/usr/bin/cmake -E cmake_link_script CMakeFiles/cmTC_ec8a7.dir/link.txt --verbose=1
/usr/bin/cc   -DCHECK_FUNCTION_EXISTS=pthread_create    CMakeFiles/cmTC_ec8a7.dir/CheckFunctionExists.c.o  -o cmTC_ec8a7 -rdynamic -lpthreads 
/usr/bin/ld: no se puede encontrar -lpthreads
collect2: error: ld returned 1 exit status
CMakeFiles/cmTC_ec8a7.dir/build.make:97: fallo en las instrucciones para el objetivo 'cmTC_ec8a7'
make[1]: *** [cmTC_ec8a7] Error 1
make[1]: se sale del directorio '/home/jrr/catkin_ws/build/ros_intro/CMakeFiles/CMakeTmp'
Makefile:126: fallo en las instrucciones para el objetivo 'cmTC_ec8a7/fast'
make: *** [cmTC_ec8a7/fast] Error 2


