Linked: (/home/jrr/catkin_ws/devel/.private/robmovil_msgs/include/robmovil_msgs/LandmarkArray.h, /home/jrr/catkin_ws/devel/include/robmovil_msgs/LandmarkArray.h)
Linked: (/home/jrr/catkin_ws/devel/.private/robmovil_msgs/include/robmovil_msgs/EncoderTicks.h, /home/jrr/catkin_ws/devel/include/robmovil_msgs/EncoderTicks.h)
Linked: (/home/jrr/catkin_ws/devel/.private/robmovil_msgs/include/robmovil_msgs/MultiEncoderTicks.h, /home/jrr/catkin_ws/devel/include/robmovil_msgs/MultiEncoderTicks.h)
Linked: (/home/jrr/catkin_ws/devel/.private/robmovil_msgs/include/robmovil_msgs/Landmark.h, /home/jrr/catkin_ws/devel/include/robmovil_msgs/Landmark.h)
Linked: (/home/jrr/catkin_ws/devel/.private/robmovil_msgs/include/robmovil_msgs/Trajectory.h, /home/jrr/catkin_ws/devel/include/robmovil_msgs/Trajectory.h)
Linked: (/home/jrr/catkin_ws/devel/.private/robmovil_msgs/include/robmovil_msgs/TrajectoryPoint.h, /home/jrr/catkin_ws/devel/include/robmovil_msgs/TrajectoryPoint.h)
Linked: (/home/jrr/catkin_ws/devel/.private/robmovil_msgs/share/roseus/ros/robmovil_msgs/manifest.l, /home/jrr/catkin_ws/devel/share/roseus/ros/robmovil_msgs/manifest.l)
Linked: (/home/jrr/catkin_ws/devel/.private/robmovil_msgs/share/roseus/ros/robmovil_msgs/msg/Landmark.l, /home/jrr/catkin_ws/devel/share/roseus/ros/robmovil_msgs/msg/Landmark.l)
Linked: (/home/jrr/catkin_ws/devel/.private/robmovil_msgs/share/roseus/ros/robmovil_msgs/msg/LandmarkArray.l, /home/jrr/catkin_ws/devel/share/roseus/ros/robmovil_msgs/msg/LandmarkArray.l)
Linked: (/home/jrr/catkin_ws/devel/.private/robmovil_msgs/share/roseus/ros/robmovil_msgs/msg/EncoderTicks.l, /home/jrr/catkin_ws/devel/share/roseus/ros/robmovil_msgs/msg/EncoderTicks.l)
Linked: (/home/jrr/catkin_ws/devel/.private/robmovil_msgs/share/roseus/ros/robmovil_msgs/msg/TrajectoryPoint.l, /home/jrr/catkin_ws/devel/share/roseus/ros/robmovil_msgs/msg/TrajectoryPoint.l)
Linked: (/home/jrr/catkin_ws/devel/.private/robmovil_msgs/share/roseus/ros/robmovil_msgs/msg/Trajectory.l, /home/jrr/catkin_ws/devel/share/roseus/ros/robmovil_msgs/msg/Trajectory.l)
Linked: (/home/jrr/catkin_ws/devel/.private/robmovil_msgs/share/roseus/ros/robmovil_msgs/msg/MultiEncoderTicks.l, /home/jrr/catkin_ws/devel/share/roseus/ros/robmovil_msgs/msg/MultiEncoderTicks.l)
Linked: (/home/jrr/catkin_ws/devel/.private/robmovil_msgs/share/gennodejs/ros/robmovil_msgs/_index.js, /home/jrr/catkin_ws/devel/share/gennodejs/ros/robmovil_msgs/_index.js)
Linked: (/home/jrr/catkin_ws/devel/.private/robmovil_msgs/share/gennodejs/ros/robmovil_msgs/msg/_index.js, /home/jrr/catkin_ws/devel/share/gennodejs/ros/robmovil_msgs/msg/_index.js)
Linked: (/home/jrr/catkin_ws/devel/.private/robmovil_msgs/share/gennodejs/ros/robmovil_msgs/msg/EncoderTicks.js, /home/jrr/catkin_ws/devel/share/gennodejs/ros/robmovil_msgs/msg/EncoderTicks.js)
Linked: (/home/jrr/catkin_ws/devel/.private/robmovil_msgs/share/gennodejs/ros/robmovil_msgs/msg/MultiEncoderTicks.js, /home/jrr/catkin_ws/devel/share/gennodejs/ros/robmovil_msgs/msg/MultiEncoderTicks.js)
Linked: (/home/jrr/catkin_ws/devel/.private/robmovil_msgs/share/gennodejs/ros/robmovil_msgs/msg/TrajectoryPoint.js, /home/jrr/catkin_ws/devel/share/gennodejs/ros/robmovil_msgs/msg/TrajectoryPoint.js)
Linked: (/home/jrr/catkin_ws/devel/.private/robmovil_msgs/share/gennodejs/ros/robmovil_msgs/msg/LandmarkArray.js, /home/jrr/catkin_ws/devel/share/gennodejs/ros/robmovil_msgs/msg/LandmarkArray.js)
Linked: (/home/jrr/catkin_ws/devel/.private/robmovil_msgs/share/gennodejs/ros/robmovil_msgs/msg/Trajectory.js, /home/jrr/catkin_ws/devel/share/gennodejs/ros/robmovil_msgs/msg/Trajectory.js)
Linked: (/home/jrr/catkin_ws/devel/.private/robmovil_msgs/share/gennodejs/ros/robmovil_msgs/msg/Landmark.js, /home/jrr/catkin_ws/devel/share/gennodejs/ros/robmovil_msgs/msg/Landmark.js)
Linked: (/home/jrr/catkin_ws/devel/.private/robmovil_msgs/share/common-lisp/ros/robmovil_msgs/msg/MultiEncoderTicks.lisp, /home/jrr/catkin_ws/devel/share/common-lisp/ros/robmovil_msgs/msg/MultiEncoderTicks.lisp)
Linked: (/home/jrr/catkin_ws/devel/.private/robmovil_msgs/share/common-lisp/ros/robmovil_msgs/msg/_package_MultiEncoderTicks.lisp, /home/jrr/catkin_ws/devel/share/common-lisp/ros/robmovil_msgs/msg/_package_MultiEncoderTicks.lisp)
Linked: (/home/jrr/catkin_ws/devel/.private/robmovil_msgs/share/common-lisp/ros/robmovil_msgs/msg/_package_LandmarkArray.lisp, /home/jrr/catkin_ws/devel/share/common-lisp/ros/robmovil_msgs/msg/_package_LandmarkArray.lisp)
Linked: (/home/jrr/catkin_ws/devel/.private/robmovil_msgs/share/common-lisp/ros/robmovil_msgs/msg/_package_Trajectory.lisp, /home/jrr/catkin_ws/devel/share/common-lisp/ros/robmovil_msgs/msg/_package_Trajectory.lisp)
Linked: (/home/jrr/catkin_ws/devel/.private/robmovil_msgs/share/common-lisp/ros/robmovil_msgs/msg/_package_TrajectoryPoint.lisp, /home/jrr/catkin_ws/devel/share/common-lisp/ros/robmovil_msgs/msg/_package_TrajectoryPoint.lisp)
Linked: (/home/jrr/catkin_ws/devel/.private/robmovil_msgs/share/common-lisp/ros/robmovil_msgs/msg/Landmark.lisp, /home/jrr/catkin_ws/devel/share/common-lisp/ros/robmovil_msgs/msg/Landmark.lisp)
Linked: (/home/jrr/catkin_ws/devel/.private/robmovil_msgs/share/common-lisp/ros/robmovil_msgs/msg/TrajectoryPoint.lisp, /home/jrr/catkin_ws/devel/share/common-lisp/ros/robmovil_msgs/msg/TrajectoryPoint.lisp)
Linked: (/home/jrr/catkin_ws/devel/.private/robmovil_msgs/share/common-lisp/ros/robmovil_msgs/msg/Trajectory.lisp, /home/jrr/catkin_ws/devel/share/common-lisp/ros/robmovil_msgs/msg/Trajectory.lisp)
Linked: (/home/jrr/catkin_ws/devel/.private/robmovil_msgs/share/common-lisp/ros/robmovil_msgs/msg/EncoderTicks.lisp, /home/jrr/catkin_ws/devel/share/common-lisp/ros/robmovil_msgs/msg/EncoderTicks.lisp)
Linked: (/home/jrr/catkin_ws/devel/.private/robmovil_msgs/share/common-lisp/ros/robmovil_msgs/msg/robmovil_msgs-msg.asd, /home/jrr/catkin_ws/devel/share/common-lisp/ros/robmovil_msgs/msg/robmovil_msgs-msg.asd)
Linked: (/home/jrr/catkin_ws/devel/.private/robmovil_msgs/share/common-lisp/ros/robmovil_msgs/msg/_package.lisp, /home/jrr/catkin_ws/devel/share/common-lisp/ros/robmovil_msgs/msg/_package.lisp)
Linked: (/home/jrr/catkin_ws/devel/.private/robmovil_msgs/share/common-lisp/ros/robmovil_msgs/msg/_package_EncoderTicks.lisp, /home/jrr/catkin_ws/devel/share/common-lisp/ros/robmovil_msgs/msg/_package_EncoderTicks.lisp)
Linked: (/home/jrr/catkin_ws/devel/.private/robmovil_msgs/share/common-lisp/ros/robmovil_msgs/msg/_package_Landmark.lisp, /home/jrr/catkin_ws/devel/share/common-lisp/ros/robmovil_msgs/msg/_package_Landmark.lisp)
Linked: (/home/jrr/catkin_ws/devel/.private/robmovil_msgs/share/common-lisp/ros/robmovil_msgs/msg/LandmarkArray.lisp, /home/jrr/catkin_ws/devel/share/common-lisp/ros/robmovil_msgs/msg/LandmarkArray.lisp)
Linked: (/home/jrr/catkin_ws/devel/.private/robmovil_msgs/share/robmovil_msgs/cmake/robmovil_msgs-msg-extras.cmake, /home/jrr/catkin_ws/devel/share/robmovil_msgs/cmake/robmovil_msgs-msg-extras.cmake)
Linked: (/home/jrr/catkin_ws/devel/.private/robmovil_msgs/share/robmovil_msgs/cmake/robmovil_msgsConfig-version.cmake, /home/jrr/catkin_ws/devel/share/robmovil_msgs/cmake/robmovil_msgsConfig-version.cmake)
Linked: (/home/jrr/catkin_ws/devel/.private/robmovil_msgs/share/robmovil_msgs/cmake/robmovil_msgsConfig.cmake, /home/jrr/catkin_ws/devel/share/robmovil_msgs/cmake/robmovil_msgsConfig.cmake)
Linked: (/home/jrr/catkin_ws/devel/.private/robmovil_msgs/share/robmovil_msgs/cmake/robmovil_msgs-msg-paths.cmake, /home/jrr/catkin_ws/devel/share/robmovil_msgs/cmake/robmovil_msgs-msg-paths.cmake)
Linked: (/home/jrr/catkin_ws/devel/.private/robmovil_msgs/lib/python2.7/dist-packages/robmovil_msgs/__init__.py, /home/jrr/catkin_ws/devel/lib/python2.7/dist-packages/robmovil_msgs/__init__.py)
Linked: (/home/jrr/catkin_ws/devel/.private/robmovil_msgs/lib/python2.7/dist-packages/robmovil_msgs/msg/_MultiEncoderTicks.py, /home/jrr/catkin_ws/devel/lib/python2.7/dist-packages/robmovil_msgs/msg/_MultiEncoderTicks.py)
Linked: (/home/jrr/catkin_ws/devel/.private/robmovil_msgs/lib/python2.7/dist-packages/robmovil_msgs/msg/_EncoderTicks.py, /home/jrr/catkin_ws/devel/lib/python2.7/dist-packages/robmovil_msgs/msg/_EncoderTicks.py)
Linked: (/home/jrr/catkin_ws/devel/.private/robmovil_msgs/lib/python2.7/dist-packages/robmovil_msgs/msg/_TrajectoryPoint.py, /home/jrr/catkin_ws/devel/lib/python2.7/dist-packages/robmovil_msgs/msg/_TrajectoryPoint.py)
Linked: (/home/jrr/catkin_ws/devel/.private/robmovil_msgs/lib/python2.7/dist-packages/robmovil_msgs/msg/_Landmark.py, /home/jrr/catkin_ws/devel/lib/python2.7/dist-packages/robmovil_msgs/msg/_Landmark.py)
Linked: (/home/jrr/catkin_ws/devel/.private/robmovil_msgs/lib/python2.7/dist-packages/robmovil_msgs/msg/_Trajectory.py, /home/jrr/catkin_ws/devel/lib/python2.7/dist-packages/robmovil_msgs/msg/_Trajectory.py)
Linked: (/home/jrr/catkin_ws/devel/.private/robmovil_msgs/lib/python2.7/dist-packages/robmovil_msgs/msg/__init__.py, /home/jrr/catkin_ws/devel/lib/python2.7/dist-packages/robmovil_msgs/msg/__init__.py)
Linked: (/home/jrr/catkin_ws/devel/.private/robmovil_msgs/lib/python2.7/dist-packages/robmovil_msgs/msg/_LandmarkArray.py, /home/jrr/catkin_ws/devel/lib/python2.7/dist-packages/robmovil_msgs/msg/_LandmarkArray.py)
Linked: (/home/jrr/catkin_ws/devel/.private/robmovil_msgs/lib/pkgconfig/robmovil_msgs.pc, /home/jrr/catkin_ws/devel/lib/pkgconfig/robmovil_msgs.pc)
