Determining if the pthread_create exist failed with the following output:
Change Dir: /home/jrr/catkin_ws/build/universal_teleop/CMakeFiles/CMakeTmp

Run Build Command:"/usr/bin/make" "cmTC_1286c/fast"
/usr/bin/make -f CMakeFiles/cmTC_1286c.dir/build.make CMakeFiles/cmTC_1286c.dir/build
make[1]: se entra en el directorio '/home/jrr/catkin_ws/build/universal_teleop/CMakeFiles/CMakeTmp'
Building C object CMakeFiles/cmTC_1286c.dir/CheckSymbolExists.c.o
/usr/bin/cc     -o CMakeFiles/cmTC_1286c.dir/CheckSymbolExists.c.o   -c /home/jrr/catkin_ws/build/universal_teleop/CMakeFiles/CMakeTmp/CheckSymbolExists.c
Linking C executable cmTC_1286c
/usr/bin/cmake -E cmake_link_script CMakeFiles/cmTC_1286c.dir/link.txt --verbose=1
/usr/bin/cc       CMakeFiles/cmTC_1286c.dir/CheckSymbolExists.c.o  -o cmTC_1286c -rdynamic 
CMakeFiles/cmTC_1286c.dir/CheckSymbolExists.c.o: En la función `main':
CheckSymbolExists.c:(.text+0x16): referencia a `pthread_create' sin definir
collect2: error: ld returned 1 exit status
CMakeFiles/cmTC_1286c.dir/build.make:97: fallo en las instrucciones para el objetivo 'cmTC_1286c'
make[1]: *** [cmTC_1286c] Error 1
make[1]: se sale del directorio '/home/jrr/catkin_ws/build/universal_teleop/CMakeFiles/CMakeTmp'
Makefile:126: fallo en las instrucciones para el objetivo 'cmTC_1286c/fast'
make: *** [cmTC_1286c/fast] Error 2

File /home/jrr/catkin_ws/build/universal_teleop/CMakeFiles/CMakeTmp/CheckSymbolExists.c:
/* */
#include <pthread.h>

int main(int argc, char** argv)
{
  (void)argv;
#ifndef pthread_create
  return ((int*)(&pthread_create))[argc];
#else
  (void)argc;
  return 0;
#endif
}

Determining if the function pthread_create exists in the pthreads failed with the following output:
Change Dir: /home/jrr/catkin_ws/build/universal_teleop/CMakeFiles/CMakeTmp

Run Build Command:"/usr/bin/make" "cmTC_669e7/fast"
/usr/bin/make -f CMakeFiles/cmTC_669e7.dir/build.make CMakeFiles/cmTC_669e7.dir/build
make[1]: se entra en el directorio '/home/jrr/catkin_ws/build/universal_teleop/CMakeFiles/CMakeTmp'
Building C object CMakeFiles/cmTC_669e7.dir/CheckFunctionExists.c.o
/usr/bin/cc    -DCHECK_FUNCTION_EXISTS=pthread_create   -o CMakeFiles/cmTC_669e7.dir/CheckFunctionExists.c.o   -c /usr/share/cmake-3.5/Modules/CheckFunctionExists.c
Linking C executable cmTC_669e7
/usr/bin/cmake -E cmake_link_script CMakeFiles/cmTC_669e7.dir/link.txt --verbose=1
/usr/bin/cc   -DCHECK_FUNCTION_EXISTS=pthread_create    CMakeFiles/cmTC_669e7.dir/CheckFunctionExists.c.o  -o cmTC_669e7 -rdynamic -lpthreads 
/usr/bin/ld: no se puede encontrar -lpthreads
collect2: error: ld returned 1 exit status
CMakeFiles/cmTC_669e7.dir/build.make:97: fallo en las instrucciones para el objetivo 'cmTC_669e7'
make[1]: *** [cmTC_669e7] Error 1
make[1]: se sale del directorio '/home/jrr/catkin_ws/build/universal_teleop/CMakeFiles/CMakeTmp'
Makefile:126: fallo en las instrucciones para el objetivo 'cmTC_669e7/fast'
make: *** [cmTC_669e7/fast] Error 2


