Determining if the pthread_create exist failed with the following output:
Change Dir: /home/jrr/catkin_ws/build/joy/CMakeFiles/CMakeTmp

Run Build Command:"/usr/bin/make" "cmTC_99e65/fast"
/usr/bin/make -f CMakeFiles/cmTC_99e65.dir/build.make CMakeFiles/cmTC_99e65.dir/build
make[1]: se entra en el directorio '/home/jrr/catkin_ws/build/joy/CMakeFiles/CMakeTmp'
Building C object CMakeFiles/cmTC_99e65.dir/CheckSymbolExists.c.o
/usr/bin/cc     -o CMakeFiles/cmTC_99e65.dir/CheckSymbolExists.c.o   -c /home/jrr/catkin_ws/build/joy/CMakeFiles/CMakeTmp/CheckSymbolExists.c
Linking C executable cmTC_99e65
/usr/bin/cmake -E cmake_link_script CMakeFiles/cmTC_99e65.dir/link.txt --verbose=1
/usr/bin/cc       CMakeFiles/cmTC_99e65.dir/CheckSymbolExists.c.o  -o cmTC_99e65 -rdynamic 
CMakeFiles/cmTC_99e65.dir/CheckSymbolExists.c.o: En la función `main':
CheckSymbolExists.c:(.text+0x16): referencia a `pthread_create' sin definir
collect2: error: ld returned 1 exit status
CMakeFiles/cmTC_99e65.dir/build.make:97: fallo en las instrucciones para el objetivo 'cmTC_99e65'
make[1]: *** [cmTC_99e65] Error 1
make[1]: se sale del directorio '/home/jrr/catkin_ws/build/joy/CMakeFiles/CMakeTmp'
Makefile:126: fallo en las instrucciones para el objetivo 'cmTC_99e65/fast'
make: *** [cmTC_99e65/fast] Error 2

File /home/jrr/catkin_ws/build/joy/CMakeFiles/CMakeTmp/CheckSymbolExists.c:
/* */
#include <pthread.h>

int main(int argc, char** argv)
{
  (void)argv;
#ifndef pthread_create
  return ((int*)(&pthread_create))[argc];
#else
  (void)argc;
  return 0;
#endif
}

Determining if the function pthread_create exists in the pthreads failed with the following output:
Change Dir: /home/jrr/catkin_ws/build/joy/CMakeFiles/CMakeTmp

Run Build Command:"/usr/bin/make" "cmTC_a01cf/fast"
/usr/bin/make -f CMakeFiles/cmTC_a01cf.dir/build.make CMakeFiles/cmTC_a01cf.dir/build
make[1]: se entra en el directorio '/home/jrr/catkin_ws/build/joy/CMakeFiles/CMakeTmp'
Building C object CMakeFiles/cmTC_a01cf.dir/CheckFunctionExists.c.o
/usr/bin/cc    -DCHECK_FUNCTION_EXISTS=pthread_create   -o CMakeFiles/cmTC_a01cf.dir/CheckFunctionExists.c.o   -c /usr/share/cmake-3.5/Modules/CheckFunctionExists.c
Linking C executable cmTC_a01cf
/usr/bin/cmake -E cmake_link_script CMakeFiles/cmTC_a01cf.dir/link.txt --verbose=1
/usr/bin/cc   -DCHECK_FUNCTION_EXISTS=pthread_create    CMakeFiles/cmTC_a01cf.dir/CheckFunctionExists.c.o  -o cmTC_a01cf -rdynamic -lpthreads 
/usr/bin/ld: no se puede encontrar -lpthreads
collect2: error: ld returned 1 exit status
CMakeFiles/cmTC_a01cf.dir/build.make:97: fallo en las instrucciones para el objetivo 'cmTC_a01cf'
make[1]: *** [cmTC_a01cf] Error 1
make[1]: se sale del directorio '/home/jrr/catkin_ws/build/joy/CMakeFiles/CMakeTmp'
Makefile:126: fallo en las instrucciones para el objetivo 'cmTC_a01cf/fast'
make: *** [cmTC_a01cf/fast] Error 2


