Determining if the pthread_create exist failed with the following output:
Change Dir: /home/jrr/catkin_ws/build/vrep_util/CMakeFiles/CMakeTmp

Run Build Command:"/usr/bin/make" "cmTC_2125e/fast"
/usr/bin/make -f CMakeFiles/cmTC_2125e.dir/build.make CMakeFiles/cmTC_2125e.dir/build
make[1]: se entra en el directorio '/home/jrr/catkin_ws/build/vrep_util/CMakeFiles/CMakeTmp'
Building C object CMakeFiles/cmTC_2125e.dir/CheckSymbolExists.c.o
/usr/bin/cc     -o CMakeFiles/cmTC_2125e.dir/CheckSymbolExists.c.o   -c /home/jrr/catkin_ws/build/vrep_util/CMakeFiles/CMakeTmp/CheckSymbolExists.c
Linking C executable cmTC_2125e
/usr/bin/cmake -E cmake_link_script CMakeFiles/cmTC_2125e.dir/link.txt --verbose=1
/usr/bin/cc       CMakeFiles/cmTC_2125e.dir/CheckSymbolExists.c.o  -o cmTC_2125e -rdynamic 
CMakeFiles/cmTC_2125e.dir/CheckSymbolExists.c.o: En la función `main':
CheckSymbolExists.c:(.text+0x16): referencia a `pthread_create' sin definir
collect2: error: ld returned 1 exit status
CMakeFiles/cmTC_2125e.dir/build.make:97: fallo en las instrucciones para el objetivo 'cmTC_2125e'
make[1]: *** [cmTC_2125e] Error 1
make[1]: se sale del directorio '/home/jrr/catkin_ws/build/vrep_util/CMakeFiles/CMakeTmp'
Makefile:126: fallo en las instrucciones para el objetivo 'cmTC_2125e/fast'
make: *** [cmTC_2125e/fast] Error 2

File /home/jrr/catkin_ws/build/vrep_util/CMakeFiles/CMakeTmp/CheckSymbolExists.c:
/* */
#include <pthread.h>

int main(int argc, char** argv)
{
  (void)argv;
#ifndef pthread_create
  return ((int*)(&pthread_create))[argc];
#else
  (void)argc;
  return 0;
#endif
}

Determining if the function pthread_create exists in the pthreads failed with the following output:
Change Dir: /home/jrr/catkin_ws/build/vrep_util/CMakeFiles/CMakeTmp

Run Build Command:"/usr/bin/make" "cmTC_ff4e1/fast"
/usr/bin/make -f CMakeFiles/cmTC_ff4e1.dir/build.make CMakeFiles/cmTC_ff4e1.dir/build
make[1]: se entra en el directorio '/home/jrr/catkin_ws/build/vrep_util/CMakeFiles/CMakeTmp'
Building C object CMakeFiles/cmTC_ff4e1.dir/CheckFunctionExists.c.o
/usr/bin/cc    -DCHECK_FUNCTION_EXISTS=pthread_create   -o CMakeFiles/cmTC_ff4e1.dir/CheckFunctionExists.c.o   -c /usr/share/cmake-3.5/Modules/CheckFunctionExists.c
Linking C executable cmTC_ff4e1
/usr/bin/cmake -E cmake_link_script CMakeFiles/cmTC_ff4e1.dir/link.txt --verbose=1
/usr/bin/cc   -DCHECK_FUNCTION_EXISTS=pthread_create    CMakeFiles/cmTC_ff4e1.dir/CheckFunctionExists.c.o  -o cmTC_ff4e1 -rdynamic -lpthreads 
/usr/bin/ld: no se puede encontrar -lpthreads
collect2: error: ld returned 1 exit status
CMakeFiles/cmTC_ff4e1.dir/build.make:97: fallo en las instrucciones para el objetivo 'cmTC_ff4e1'
make[1]: *** [cmTC_ff4e1] Error 1
make[1]: se sale del directorio '/home/jrr/catkin_ws/build/vrep_util/CMakeFiles/CMakeTmp'
Makefile:126: fallo en las instrucciones para el objetivo 'cmTC_ff4e1/fast'
make: *** [cmTC_ff4e1/fast] Error 2


